2019-06-19 23:34:31.314888|e|6e587b00|system call error: File exists: failed to open file info path: <*****.mrn.0000109>
2019-06-19 23:34:31.315294|e|6e587b00|/usr/lib64/mysql/plugin/ha_mroonga.so(grn_io_create+0x526) [0x7f9171208d76]
2019-06-19 23:34:31.315299|e|6e587b00|/usr/lib64/mysql/plugin/ha_mroonga.so(grn_io_create_with_array+0x192) [0x7f917120c5b2]
2019-06-19 23:34:31.315303|e|6e587b00|/usr/lib64/mysql/plugin/ha_mroonga.so(+0x1bff69) [0x7f91711a0f69]
2019-06-19 23:34:31.315306|e|6e587b00|/usr/lib64/mysql/plugin/ha_mroonga.so(grn_hash_create+0xf8) [0x7f91711a5178]
2019-06-19 23:34:31.315309|e|6e587b00|/usr/lib64/mysql/plugin/ha_mroonga.so(+0x11e093) [0x7f91710ff093]
2019-06-19 23:34:31.315312|e|6e587b00|/usr/lib64/mysql/plugin/ha_mroonga.so(grn_table_create+0x37) [0x7f9171103187]
2019-06-19 23:34:31.315315|e|6e587b00|/usr/lib64/mysql/plugin/ha_mroonga.so(_ZN10ha_mroonga20wrapper_create_indexEPKcP5TABLEP16st_mroonga_share+0x10e) [0x7f917109296e]
2019-06-19 23:34:31.315318|e|6e587b00|/usr/lib64/mysql/plugin/ha_mroonga.so(_ZN10ha_mroonga24wrapper_recreate_indexesEP3THD+0x27e) [0x7f91710a325e]
2019-06-19 23:34:31.315321|e|6e587b00|/usr/lib64/mysql/plugin/ha_mroonga.so(_ZN10ha_mroonga12wrapper_openEPKcij+0x473) [0x7f91710a3d03]
2019-06-19 23:34:31.315324|e|6e587b00|/usr/lib64/mysql/plugin/ha_mroonga.so(_ZN10ha_mroonga4openEPKcij+0xa6) [0x7f91710a3ef6]
2019-06-19 23:34:31.315327|e|6e587b00|/usr/sbin/mysqld(_ZN7handler7ha_openEP5TABLEPKcij+0x3e) [0x55e4707adcae]
2019-06-19 23:34:31.315330|e|6e587b00|/usr/sbin/mysqld(_Z21open_table_from_shareP3THDP11TABLE_SHAREPKcjjjP5TABLEb+0xb43) [0x55e4706d40c3]
2019-06-19 23:34:31.315333|e|6e587b00|/usr/sbin/mysqld(_Z10open_tableP3THDP10TABLE_LISTP18Open_table_context+0x2a5) [0x55e4705e9565]
2019-06-19 23:34:31.315337|e|6e587b00|/usr/sbin/mysqld(_Z11open_tablesP3THDRK14DDL_options_stPP10TABLE_LISTPjjP19Prelocking_strategy+0xf2a) [0x55e4705edfda]
2019-06-19 23:34:31.315340|e|6e587b00|/usr/sbin/mysqld(_Z20open_and_lock_tablesP3THDRK14DDL_options_stP10TABLE_LISTbjP19Prelocking_strategy+0x44) [0x55e4705ee354]
2019-06-19 23:34:31.315343|e|6e587b00|/usr/sbin/mysqld(+0x531cb8) [0x55e470705cb8]
2019-06-19 23:38:18.671278|e|fc452b00|system call error: No such file or directory: failed to open path: <mysql/mroonga.data/*****.mrn.0000000>
2019-06-19 23:38:18.672022|e|fc452b00|/usr/lib64/mysql/plugin/ha_mroonga.so(grn_io_open+0xef6) [0x7f917120b7f6]
2019-06-19 23:38:18.672029|e|fc452b00|/usr/lib64/mysql/plugin/ha_mroonga.so(grn_ja_open+0x1b) [0x7f91712bb0bb]
2019-06-19 23:38:18.672032|e|fc452b00|/usr/lib64/mysql/plugin/ha_mroonga.so(grn_db_open+0x6e0) [0x7f91710ec090]
2019-06-19 23:38:18.672036|e|fc452b00|/usr/lib64/mysql/plugin/ha_mroonga.so(_ZN3mrn15DatabaseManager4openEPKcPPNS_8DatabaseE+0x2af) [0x7f91710b4a1f]
2019-06-19 23:38:18.672039|e|fc452b00|/usr/lib64/mysql/plugin/ha_mroonga.so(_ZN10ha_mroonga20ensure_database_openEPKcPPN3mrn8DatabaseE+0x34) [0x7f917108b334]
2019-06-19 23:38:18.672046|e|fc452b00|/usr/lib64/mysql/plugin/ha_mroonga.so(_ZN10ha_mroonga12wrapper_openEPKcij+0x5b) [0x7f91710a38eb]
2019-06-19 23:38:18.672049|e|fc452b00|/usr/lib64/mysql/plugin/ha_mroonga.so(_ZN10ha_mroonga4openEPKcij+0xa6) [0x7f91710a3ef6]
2019-06-19 23:38:18.672053|e|fc452b00|/usr/sbin/mysqld(_ZN7handler7ha_openEP5TABLEPKcij+0x3e) [0x55e4707adcae]
2019-06-19 23:38:18.672056|e|fc452b00|/usr/sbin/mysqld(_Z21open_table_from_shareP3THDP11TABLE_SHAREPKcjjjP5TABLEb+0xb43) [0x55e4706d40c3]
2019-06-19 23:38:18.672059|e|fc452b00|/usr/sbin/mysqld(_Z10open_tableP3THDP10TABLE_LISTP18Open_table_context+0x2a5) [0x55e4705e9565]
2019-06-19 23:38:18.672062|e|fc452b00|/usr/sbin/mysqld(_Z11open_tablesP3THDRK14DDL_options_stPP10TABLE_LISTPjjP19Prelocking_strategy+0xf2a) [0x55e4705edfda]
2019-06-19 23:38:18.672065|e|fc452b00|/usr/sbin/mysqld(_Z30open_normal_and_derived_tablesP3THDP10TABLE_LISTjj+0x59) [0x55e4705ee2b9]
2019-06-19 23:38:18.672069|e|fc452b00|/usr/sbin/mysqld(+0x4b69cc) [0x55e47068a9cc]
2019-06-19 23:38:18.672071|e|fc452b00|/usr/sbin/mysqld(_Z14get_all_tablesP3THDP10TABLE_LISTP4Item+0x1da) [0x55e47069f0fa]
2019-06-19 23:38:18.672074|e|fc452b00|/usr/sbin/mysqld(_Z24get_schema_tables_resultP4JOIN23enum_schema_table_state+0x28e) [0x55e47069cdfe]
2019-06-19 23:38:18.672078|e|fc452b00|/usr/sbin/mysqld(_ZN4JOIN10exec_innerEv+0x6b5) [0x55e470684845]
2019-06-19 23:38:18.672082|e|fc452b00|[db][open] failed to open specs: <mysql/mroonga.data/*****.mrn.0000000>
2019-06-19 23:38:18.672887|e|fc452b00|/usr/lib64/mysql/plugin/ha_mroonga.so(grn_db_open+0xa42) [0x7f91710ec3f2]
2019-06-19 23:38:18.672891|e|fc452b00|/usr/lib64/mysql/plugin/ha_mroonga.so(_ZN3mrn15DatabaseManager4openEPKcPPNS_8DatabaseE+0x2af) [0x7f91710b4a1f]
2019-06-19 23:38:18.672895|e|fc452b00|/usr/lib64/mysql/plugin/ha_mroonga.so(_ZN10ha_mroonga20ensure_database_openEPKcPPN3mrn8DatabaseE+0x34) [0x7f917108b334]
2019-06-19 23:38:18.672898|e|fc452b00|/usr/lib64/mysql/plugin/ha_mroonga.so(_ZN10ha_mroonga12wrapper_openEPKcij+0x5b) [0x7f91710a38eb]
2019-06-19 23:38:18.672901|e|fc452b00|/usr/lib64/mysql/plugin/ha_mroonga.so(_ZN10ha_mroonga4openEPKcij+0xa6) [0x7f91710a3ef6]
2019-06-19 23:38:18.672904|e|fc452b00|/usr/sbin/mysqld(_ZN7handler7ha_openEP5TABLEPKcij+0x3e) [0x55e4707adcae]
2019-06-19 23:38:18.672907|e|fc452b00|/usr/sbin/mysqld(_Z21open_table_from_shareP3THDP11TABLE_SHAREPKcjjjP5TABLEb+0xb43) [0x55e4706d40c3]
2019-06-19 23:38:18.672911|e|fc452b00|/usr/sbin/mysqld(_Z10open_tableP3THDP10TABLE_LISTP18Open_table_context+0x2a5) [0x55e4705e9565]
2019-06-19 23:38:18.672914|e|fc452b00|/usr/sbin/mysqld(_Z11open_tablesP3THDRK14DDL_options_stPP10TABLE_LISTPjjP19Prelocking_strategy+0xf2a) [0x55e4705edfda]
2019-06-19 23:38:18.672917|e|fc452b00|/usr/sbin/mysqld(_Z30open_normal_and_derived_tablesP3THDP10TABLE_LISTjj+0x59) [0x55e4705ee2b9]
2019-06-19 23:38:18.672920|e|fc452b00|/usr/sbin/mysqld(+0x4b69cc) [0x55e47068a9cc]
2019-06-19 23:38:18.672923|e|fc452b00|/usr/sbin/mysqld(_Z14get_all_tablesP3THDP10TABLE_LISTP4Item+0x1da) [0x55e47069f0fa]
2019-06-19 23:38:18.672926|e|fc452b00|/usr/sbin/mysqld(_Z24get_schema_tables_resultP4JOIN23enum_schema_table_state+0x28e) [0x55e47069cdfe]
2019-06-19 23:38:18.672930|e|fc452b00|/usr/sbin/mysqld(_ZN4JOIN10exec_innerEv+0x6b5) [0x55e470684845]
2019-06-19 23:38:18.672933|e|fc452b00|/usr/sbin/mysqld(_ZN4JOIN4execEv+0x5d) [0x55e470686c7d]
2019-06-19 23:38:18.672936|e|fc452b00|/usr/sbin/mysqld(_Z12mysql_selectP3THDPPP4ItemP10TABLE_LISTjR4ListIS1_ES2_jP8st_orderSB_S2_SB_yP13select_resultP18st_select_lex_unitP13st_select_lex+0x12a) [0x55e47068360a]
