190618 16:53:37 [ERROR] mysqld got signal 11 ;
This could be because you hit a bug. It is also possible that this binary
or one of the libraries it was linked against is corrupt, improperly built,
or misconfigured. This error can also be caused by malfunctioning hardware.

To report this bug, see https://mariadb.com/kb/en/reporting-bugs

We will try our best to scrape up some info that will hopefully help
diagnose the problem, but since we have already crashed,
something is definitely wrong and this may fail.

Server version: 10.1.37-MariaDB
key_buffer_size=2097152000
read_buffer_size=209715200
max_used_connections=1859
max_threads=3002
thread_count=698
It is possible that mysqld could use up to
key_buffer_size + (read_buffer_size + sort_buffer_size)*max_threads = 1231729494 K  bytes of memory
Hope that's ok; if not, decrease some variables in the equation.

Thread pointer: 0x7ef7cc6b8008
Attempting backtrace. You can use the following information to find out
where mysqld died. If you see no messages after this, something went
terribly wrong...
stack_bottom = 0x7f01ca482140 thread_stack 0x48400
mysys/stacktrace.c:268(my_print_stacktrace)[0x5587f505b31b]
sql/signal_handler.cc:168(handle_fatal_signal)[0x5587f4bb77a5]
sigaction.c:0(__restore_rt)[0x7f4e3e7c67e0]
lib/hash.c:1688(grn_hash_entry_compare_key)[0x7f4daedad9e1]
lib/db.c:1487(grn_table_add)[0x7f4daecd0e62]
mroonga/ha_mroonga.cpp:5893(ha_mroonga::wrapper_write_row_index(unsigned char*))[0x7f4daec965c1]
mroonga/ha_mroonga.cpp:5862(ha_mroonga::wrapper_write_row(unsigned char*))[0x7f4daec96a17]
sql/handler.cc:5940(handler::ha_write_row(unsigned char*))[0x5587f4bc1247]
sql/sql_insert.cc:1915(write_record(THD*, TABLE*, st_copy_info*))[0x5587f4a215c1]
sql/sql_insert.cc:1039(mysql_insert(THD*, TABLE_LIST*, List<Item>&, List<List<Item> >&, List<Item>&, List<Item>&, enum_duplicates, bool))[0x5587f4a27fc1]
sql/sql_parse.cc:3940(mysql_execute_command(THD*))[0x5587f4a3c569]
sql/sql_parse.cc:7466(mysql_parse(THD*, char*, unsigned int, Parser_state*))[0x5587f4a43755]
sql/sql_parse.cc:1495(dispatch_command(enum_server_command, THD*, char*, unsigned int))[0x5587f4a4642e]
sql/sql_parse.cc:1126(do_command(THD*))[0x5587f4a469d7]
sql/sql_connect.cc:1330(do_handle_one_connection(THD*))[0x5587f4b08cef]
sql/sql_connect.cc:1244(handle_one_connection)[0x5587f4b08e27]
pthread_create.c:0(start_thread)[0x7f4e3e7beaa1]
/lib64/libc.so.6(clone+0x6d)[0x7f4e3cca2c4d]

Trying to get some variables.
Some pointers may be invalid and cause the dump to abort.
Query (0x7efdedf4b020): is an invalid pointer
Connection ID (thread ID): 813496
Status: NOT_KILLED

Optimizer switch: index_merge=on,index_merge_union=on,index_merge_sort_union=on,index_merge_intersection=on,index_merge_sort_intersection=off,engine_condition_pushdown=off,index_condition_pushdown=on,derived_merge=on,deriv
ed_with_keys=on,firstmatch=on,loosescan=on,materialization=on,in_to_exists=on,semijoin=on,partial_match_rowid_merge=on,partial_match_table_scan=on,subquery_cache=on,mrr=off,mrr_cost_based=off,mrr_sort_keys=off,outer_join_w
ith_cache=on,semijoin_with_cache=on,join_cache_incremental=on,join_cache_hashed=on,join_cache_bka=on,optimize_join_buffer_size=off,table_elimination=on,extended_keys=on,exists_to_in=on,orderby_uses_equalities=off

The manual page at http://dev.mysql.com/doc/mysql/en/crashing.html contains
information that should help you find out what is causing the crash.

We think the query pointer is invalid, but we will try to print it anyway.
Query: INSERT INTO *****( *****, *****, *****, *****) VALUES(*****, *****, *****, *****)・・・・・・

190618 16:53:43 mysqld_safe Number of processes running now: 0
190618 16:53:43 mysqld_safe mysqld restarted
2019-06-18 16:53:43 139866652350496 [Note] /usr/sbin/mysqld (mysqld 10.1.37-MariaDB) starting as process 369345 ...
2019-06-18 16:53:43 139866652350496 [Note] InnoDB: Using mutexes to ref count buffer pool pages
2019-06-18 16:53:43 139866652350496 [Note] InnoDB: The InnoDB memory heap is disabled
2019-06-18 16:53:43 139866652350496 [Note] InnoDB: Mutexes and rw_locks use GCC atomic builtins
2019-06-18 16:53:43 139866652350496 [Note] InnoDB: GCC builtin __atomic_thread_fence() is used for memory barrier
2019-06-18 16:53:43 139866652350496 [Note] InnoDB: Compressed tables use zlib 1.2.3
2019-06-18 16:53:43 139866652350496 [Note] InnoDB: Using Linux native AIO
2019-06-18 16:53:43 139866652350496 [Note] InnoDB: Using SSE crc32 instructions
2019-06-18 16:53:43 139866652350496 [Note] InnoDB: Initializing buffer pool, size = 29.3G
2019-06-18 16:53:43 139866652350496 [Note] InnoDB: Completed initialization of buffer pool
2019-06-18 16:53:43 139866652350496 [Note] InnoDB: Highest supported file format is Barracuda.
2019-06-18 16:53:43 139866652350496 [Note] InnoDB: Starting crash recovery from checkpoint LSN=493311958809
2019-06-18 16:53:59 139866652350496 [Note] InnoDB: Processed 12738 .ibd/.isl files
2019-06-18 16:54:15 139866652350496 [Note] InnoDB: Processed 31658 .ibd/.isl files
2019-06-18 16:54:31 139866652350496 [Note] InnoDB: Processed 52173 .ibd/.isl files
2019-06-18 16:54:43 139866652350496 [Note] InnoDB: Restoring possible half-written data pages from the doublewrite buffer...
2019-06-18 16:54:43 139866652350496 [Note] InnoDB: Read redo log up to LSN=493312089600
InnoDB: 1 transaction(s) which must be rolled back or cleaned up
InnoDB: in total 36 row operations to undo
InnoDB: Trx id counter is 1103943680
2019-06-18 16:54:52 139866652350496 [Note] InnoDB: Starting final batch to recover 55521 pages from redo log
2019-06-18 16:54:58 139830279259904 [Note] InnoDB: To recover: 23535 pages from log
2019-06-18 16:55:07 139866652350496 [Note] InnoDB: 128 rollback segment(s) are active.
2019-06-18 16:55:07 139829568337664 [Note] InnoDB: Starting in background the rollback of recovered transactions
2019-06-18 16:55:07 139866652350496 [Note] InnoDB: Waiting for purge to start
2019-06-18 16:55:07 139829568337664 [Note] InnoDB: Rollback of trx with id 1103861414 completed
2019-06-18 16:55:07 139829568337664 [Note] InnoDB: Rollback of non-prepared transactions completed
2019-06-18 16:55:07 139866652350496 [Note] InnoDB:  Percona XtraDB (http://www.percona.com) 5.6.41-84.1 started; log sequence number 493791505771
2019-06-18 16:55:22 139866652350496 [Note] Plugin 'FEEDBACK' is disabled.
2019-06-18 16:55:22 139829331330816 [Note] InnoDB: Dumping buffer pool(s) not yet started
2019-06-18 16:55:22 139866652350496 [Note] Recovering after a crash using tc.log
2019-06-18 16:55:22 139866652350496 [Note] Starting crash recovery...
2019-06-18 16:55:22 139866652350496 [Note] Crash recovery finished.
2019-06-18 16:55:22 139866652350496 [Note] Server socket created on IP: '0.0.0.0'.
2019-06-18 16:55:22 139866652350496 [Warning] 'user' entry 'root@hostname' ignored in --skip-name-resolve mode.
2019-06-18 16:55:22 139866652350496 [Warning] 'user' entry '@hostname' ignored in --skip-name-resolve mode.
2019-06-18 16:55:22 139866652350496 [Warning] 'proxies_priv' entry '@% root@hostname' ignored in --skip-name-resolve mode.
2019-06-18 16:55:22 139866652350496 [Note] /usr/sbin/mysqld: ready for connections.
Version: '10.1.37-MariaDB'  socket: '/var/lib/mysql/mysql.sock'  port: 3306  MariaDB Server
